[2026-01-25 12:39:30] development.INFO: order updated  
[2026-01-25 12:39:35] development.INFO: Elitbuzz SMS Request {"phone":"8801724521238","url":"https://msg.mram.com.bd/smsapi?api_key=C400023669084e8b7d1752.06507268&type=text&contacts=8801724521238&senderid=8809601017125&msg=Hi+Md+Shiabul+Islam%2C+your+order+has+been+placed+successfully%21+%0AOrder+ID%3A+%2330108%0A%0AThank+you+for+shopping+with+Dolbear.+We%27re+processing+your+order+and+will+update+you+soon.&label=transactional","params":{"api_key":"C400023669084e8b7d1752.06507268","type":"text","contacts":"8801724521238","senderid":"8809601017125","msg":"Hi Md Shiabul Islam, your order has been placed successfully! 
Order ID: #30108

Thank you for shopping with Dolbear. We're processing your order and will update you soon.","label":"transactional"}} 
[2026-01-25 12:39:35] development.INFO: Elitbuzz SMS API Response {"phone":"8801724521238","status":200,"body":"SMS SUBMITTED: ID - bw-rdC40002366975ba709ec1e"} 
[2026-01-25 12:39:35] development.INFO: Elitbuzz SMS Sent Successfully {"phone":"8801724521238","message_id":"SMS SUBMITTED: ID - bw-rdC40002366975ba709ec1e"} 
[2026-01-25 12:39:40] development.INFO: order updated  
[2026-01-25 14:57:44] development.INFO: order updated  
[2026-01-25 14:57:49] development.INFO: Elitbuzz SMS Request {"phone":"8801724521238","url":"https://msg.mram.com.bd/smsapi?api_key=C400023669084e8b7d1752.06507268&type=text&contacts=8801724521238&senderid=8809601017125&msg=Hi+Md+Shiabul+Islam%2C+your+order+has+been+placed+successfully%21+%0AOrder+ID%3A+%2330109%0A%0AThank+you+for+shopping+with+Dolbear.+We%27re+processing+your+order+and+will+update+you+soon.&label=transactional","params":{"api_key":"C400023669084e8b7d1752.06507268","type":"text","contacts":"8801724521238","senderid":"8809601017125","msg":"Hi Md Shiabul Islam, your order has been placed successfully! 
Order ID: #30109

Thank you for shopping with Dolbear. We're processing your order and will update you soon.","label":"transactional"}} 
[2026-01-25 14:57:49] development.INFO: Elitbuzz SMS API Response {"phone":"8801724521238","status":200,"body":"SMS SUBMITTED: ID - bw-rdC40002366975dad6bf171"} 
[2026-01-25 14:57:49] development.INFO: Elitbuzz SMS Sent Successfully {"phone":"8801724521238","message_id":"SMS SUBMITTED: ID - bw-rdC40002366975dad6bf171"} 
[2026-01-25 14:57:55] development.INFO: order updated  
[2026-01-25 15:08:01] development.INFO: order updated  
[2026-01-25 15:08:20] development.INFO: order updated  
[2026-01-25 15:09:43] development.INFO: order updated  
[2026-01-25 15:10:01] development.INFO: order updated  
[2026-01-25 15:10:01] development.INFO: order dispatch  
[2026-01-25 15:10:11] development.INFO: order payload {"customer":"shakib islam","order_type":"Shopping Cart","is_pos":1,"pos_profile":"Dolbear Online","shipping_address":"Md Shiabul Islam, 01724521238, md.shiabul.cse@gmail.com, 229, Green Road,Dhaka, Bangladesh
229, Green Road,Dhaka, Bangladesh, Adabor, Dhaka, Dhaka","posting_date":"2026-01-25","po_date":"2026-01-25","po_no":"#30109","apply_discount_on":"Net Total","discount_amount":2359.8,"items":[{"item_code":"E514AHG","item_name":"OnePlus Nord Buds 3","qty":1,"rate":3799},{"item_code":null,"item_name":"A4TECH Bloody J90S 2-Fire RGB Animation Gaming Mouse","qty":1,"rate":2400},{"item_code":null,"item_name":"A4TECH BLOODY A90 WIRED INFRARED MICRO SWICTH GAMING MOUSE","qty":1,"rate":2800},{"item_code":null,"item_name":"A4tech Bloody J95S USB Extra Fire High Precise RGB Gaming Mouse Black","qty":1,"rate":2800}],"shipping_address_name":null,"payments":[{"mode_of_payment":"Cash - Dolbear HQ","amount":0}]} 
[2026-01-25 15:10:12] development.ERROR: ERP Order Sync Failed (Create): {"exc_type":"ValidationError","_server_messages":"[\"{\\\"message\\\": \\\"Row 2: Income Account <strong>None</strong> does not belong to Company <strong>Dolbear</strong>\\\", \\\"title\\\": \\\"Invalid Account\\\", \\\"indicator\\\": \\\"red\\\", \\\"raise_exception\\\": 1}\"]"}  
[2026-01-25 15:10:12] development.INFO: Order 2428 synced successfully.  
[2026-01-25 15:10:16] development.INFO: Elitbuzz SMS Request {"phone":"8801724521238","url":"https://msg.mram.com.bd/smsapi?api_key=C400023669084e8b7d1752.06507268&type=text&contacts=8801724521238&senderid=8809601017125&msg=Hi+Md+Shiabul+Islam%2C+Your+Dolbear+order+has+been+confirmed+and+is+ready+to+be+shipped%21+%0ATracking+Number%3A+%2330109%0AInvoice%3A+http%3A%2F%2F127.0.0.1%3A8000%2Finvoice%2FGt2QXEo9LBCTVsnQd9bnC%0A%0AFor+Any+Assistance%2C+Call+01894971070+%0AThink+Tech%2C+Think+Dolbear.&label=transactional","params":{"api_key":"C400023669084e8b7d1752.06507268","type":"text","contacts":"8801724521238","senderid":"8809601017125","msg":"Hi Md Shiabul Islam, Your Dolbear order has been confirmed and is ready to be shipped! 
Tracking Number: #30109
Invoice: http://127.0.0.1:8000/invoice/Gt2QXEo9LBCTVsnQd9bnC

For Any Assistance, Call 01894971070 
Think Tech, Think Dolbear.","label":"transactional"}} 
[2026-01-25 15:10:17] development.INFO: Elitbuzz SMS API Response {"phone":"8801724521238","status":200,"body":"SMS SUBMITTED: ID - bw-rdC40002366975ddc2514fb"} 
[2026-01-25 15:10:17] development.INFO: Elitbuzz SMS Sent Successfully {"phone":"8801724521238","message_id":"SMS SUBMITTED: ID - bw-rdC40002366975ddc2514fb"} 
[2026-01-25 15:12:56] development.INFO: order updated  
[2026-01-25 15:13:01] development.INFO: Elitbuzz SMS Request {"phone":"8801724521238","url":"https://msg.mram.com.bd/smsapi?api_key=C400023669084e8b7d1752.06507268&type=text&contacts=8801724521238&senderid=8809601017125&msg=Hi+Md+Shiabul+Islam%2C+your+order+has+been+placed+successfully%21+%0AOrder+ID%3A+%2330110%0A%0AThank+you+for+shopping+with+Dolbear.+We%27re+processing+your+order+and+will+update+you+soon.&label=transactional","params":{"api_key":"C400023669084e8b7d1752.06507268","type":"text","contacts":"8801724521238","senderid":"8809601017125","msg":"Hi Md Shiabul Islam, your order has been placed successfully! 
Order ID: #30110

Thank you for shopping with Dolbear. We're processing your order and will update you soon.","label":"transactional"}} 
[2026-01-25 15:13:02] development.INFO: Elitbuzz SMS API Response {"phone":"8801724521238","status":200,"body":"SMS SUBMITTED: ID - bw-rdC40002366975de674b0fd"} 
[2026-01-25 15:13:02] development.INFO: Elitbuzz SMS Sent Successfully {"phone":"8801724521238","message_id":"SMS SUBMITTED: ID - bw-rdC40002366975de674b0fd"} 
[2026-01-25 15:13:08] development.INFO: order updated  
[2026-01-25 15:28:41] development.INFO: order updated  
[2026-01-25 15:29:12] development.INFO: order updated  
[2026-01-25 15:29:12] development.INFO: order dispatch  
[2026-01-25 15:29:22] development.INFO: order payload {"customer":"shakib islam","order_type":"Shopping Cart","is_pos":1,"pos_profile":"Dolbear Online","shipping_address":"Md Shiabul Islam, 01724521238, md.shiabul.cse@gmail.com, 229, Green Road,Dhaka, Bangladesh
229, Green Road,Dhaka, Bangladesh, Adabor, Dhaka, Dhaka","posting_date":"2026-01-25","po_date":"2026-01-25","po_no":"#30110","apply_discount_on":"Net Total","discount_amount":1749.2,"items":[{"item_code":"123123123","item_name":"OnePlus USB-A to Type-C 10A Cable 1M EU (Red)","qty":1,"rate":1199},{"item_code":null,"item_name":"OnePlus SUPERVOOC 100W Power Adapter EU (White)","qty":1,"rate":3499},{"item_code":null,"item_name":"OnePlus SUPERVOOC 80W Power Adapter (US)(White)","qty":1,"rate":2749},{"item_code":null,"item_name":"OnePlus Type-C to Type-C Cable 12A 1M (EU) (Red)","qty":1,"rate":1299}],"shipping_address_name":null,"payments":[{"mode_of_payment":"Cash - Dolbear HQ","amount":0}]} 
[2026-01-25 15:29:23] development.ERROR: ERP Order Sync Failed (Create): {"exc_type":"DoesNotExistError","_server_messages":"[\"{\\\"message\\\": \\\"Item 123123123 not found\\\", \\\"title\\\": \\\"Message\\\", \\\"indicator\\\": \\\"red\\\", \\\"raise_exception\\\": 1}\"]"}  
[2026-01-25 15:29:23] development.INFO: Order 2429 synced successfully.  
[2026-01-25 15:29:27] development.INFO: Elitbuzz SMS Request {"phone":"8801724521238","url":"https://msg.mram.com.bd/smsapi?api_key=C400023669084e8b7d1752.06507268&type=text&contacts=8801724521238&senderid=8809601017125&msg=Hi+Md+Shiabul+Islam%2C+Your+Dolbear+order+has+been+confirmed+and+is+ready+to+be+shipped%21+%0ATracking+Number%3A+%2330110%0AInvoice%3A+http%3A%2F%2F127.0.0.1%3A8000%2Finvoice%2F0mVQ1LlQxz6l0cPpaNVbv%0A%0AFor+Any+Assistance%2C+Call+01894971070+%0AThink+Tech%2C+Think+Dolbear.&label=transactional","params":{"api_key":"C400023669084e8b7d1752.06507268","type":"text","contacts":"8801724521238","senderid":"8809601017125","msg":"Hi Md Shiabul Islam, Your Dolbear order has been confirmed and is ready to be shipped! 
Tracking Number: #30110
Invoice: http://127.0.0.1:8000/invoice/0mVQ1LlQxz6l0cPpaNVbv

For Any Assistance, Call 01894971070 
Think Tech, Think Dolbear.","label":"transactional"}} 
[2026-01-25 15:29:27] development.INFO: Elitbuzz SMS API Response {"phone":"8801724521238","status":200,"body":"SMS SUBMITTED: ID - bw-rdC40002366975e240c42c8"} 
[2026-01-25 15:29:27] development.INFO: Elitbuzz SMS Sent Successfully {"phone":"8801724521238","message_id":"SMS SUBMITTED: ID - bw-rdC40002366975e240c42c8"} 
[2026-01-25 16:05:24] development.INFO: order updated  
[2026-01-25 16:05:30] development.INFO: Elitbuzz SMS Request {"phone":"8801724521238","url":"https://msg.mram.com.bd/smsapi?api_key=C400023669084e8b7d1752.06507268&type=text&contacts=8801724521238&senderid=8809601017125&msg=Hi+Md+Shiabul+Islam%2C+your+order+has+been+placed+successfully%21+%0AOrder+ID%3A+%2330111%0A%0AThank+you+for+shopping+with+Dolbear.+We%27re+processing+your+order+and+will+update+you+soon.&label=transactional","params":{"api_key":"C400023669084e8b7d1752.06507268","type":"text","contacts":"8801724521238","senderid":"8809601017125","msg":"Hi Md Shiabul Islam, your order has been placed successfully! 
Order ID: #30111

Thank you for shopping with Dolbear. We're processing your order and will update you soon.","label":"transactional"}} 
[2026-01-25 16:05:30] development.INFO: Elitbuzz SMS API Response {"phone":"8801724521238","status":200,"body":"SMS SUBMITTED: ID - bw-rdC40002366975eab36e6b0"} 
[2026-01-25 16:05:30] development.INFO: Elitbuzz SMS Sent Successfully {"phone":"8801724521238","message_id":"SMS SUBMITTED: ID - bw-rdC40002366975eab36e6b0"} 
[2026-01-25 16:05:37] development.INFO: order updated  
[2026-01-25 16:20:24] development.INFO: order updated  
[2026-01-25 16:21:12] development.INFO: order updated  
[2026-01-25 16:21:12] development.INFO: order dispatch  
[2026-01-25 16:21:22] development.INFO: order payload {"customer":"shakib islam","order_type":"Shopping Cart","is_pos":1,"pos_profile":"Dolbear Online","shipping_address":"Md Shiabul Islam, 01724521238, md.shiabul.cse@gmail.com, 229, Green Road,Dhaka, Bangladesh
229, Green Road,Dhaka, Bangladesh, Adabor, Dhaka, Dhaka","posting_date":"2026-01-25","po_date":"2026-01-25","po_no":"#30111","apply_discount_on":"Net Total","discount_amount":239.8,"items":[{"item_code":"123123123","item_name":"OnePlus USB-A to Type-C 10A Cable 1M EU (Red)","qty":1,"rate":1199}],"shipping_address_name":null,"payments":[{"mode_of_payment":"Cash - Dolbear HQ","amount":0}]} 
[2026-01-25 16:21:23] development.ERROR: ERP Order Sync Failed (Create): {"exc_type":"DoesNotExistError","_server_messages":"[\"{\\\"message\\\": \\\"Item 123123123 not found\\\", \\\"title\\\": \\\"Message\\\", \\\"indicator\\\": \\\"red\\\", \\\"raise_exception\\\": 1}\"]"}  
[2026-01-25 16:21:23] development.INFO: Order 2430 synced successfully.  
[2026-01-25 16:21:27] development.INFO: Elitbuzz SMS Request {"phone":"8801724521238","url":"https://msg.mram.com.bd/smsapi?api_key=C400023669084e8b7d1752.06507268&type=text&contacts=8801724521238&senderid=8809601017125&msg=Hi+Md+Shiabul+Islam%2C+Your+Dolbear+order+has+been+confirmed+and+is+ready+to+be+shipped%21+%0ATracking+Number%3A+%2330111%0AInvoice%3A+http%3A%2F%2F127.0.0.1%3A8000%2Finvoice%2FWmXXg6Z7yPsHWeBWNpQUn%0A%0AFor+Any+Assistance%2C+Call+01894971070+%0AThink+Tech%2C+Think+Dolbear.&label=transactional","params":{"api_key":"C400023669084e8b7d1752.06507268","type":"text","contacts":"8801724521238","senderid":"8809601017125","msg":"Hi Md Shiabul Islam, Your Dolbear order has been confirmed and is ready to be shipped! 
Tracking Number: #30111
Invoice: http://127.0.0.1:8000/invoice/WmXXg6Z7yPsHWeBWNpQUn

For Any Assistance, Call 01894971070 
Think Tech, Think Dolbear.","label":"transactional"}} 
[2026-01-25 16:21:28] development.INFO: Elitbuzz SMS API Response {"phone":"8801724521238","status":200,"body":"SMS SUBMITTED: ID - bw-rdC40002366975ee7110480"} 
[2026-01-25 16:21:28] development.INFO: Elitbuzz SMS Sent Successfully {"phone":"8801724521238","message_id":"SMS SUBMITTED: ID - bw-rdC40002366975ee7110480"} 
[2026-01-25 16:24:35] development.ERROR: Attempt to read property "delivery_status" on null (View: C:\shiab\dolbear-web-app\resources\views\admin\orders\order-details.blade.php) {"view":{"view":"C:\\shiab\\dolbear-web-app\\resources\\views/admin/orders/order-details.blade.php","data":{"errors":"<pre class=sf-dump id=sf-dump-389856298 data-indent-pad=\"  \"><span class=sf-dump-note>Illuminate\\Support\\ViewErrorBag</span> {<a class=sf-dump-ref>#3080</a><samp data-depth=1 class=sf-dump-expanded>
  #<span class=sf-dump-protected title=\"Protected property\">bags</span>: []
</samp>}
</pre><script>Sfdump(\"sf-dump-389856298\", {\"maxDepth\":3,\"maxStringLength\":160})</script>
","order":"<pre class=sf-dump id=sf-dump-190489245 data-indent-pad=\"  \"><span class=sf-dump-const>null</span>
</pre><script>Sfdump(\"sf-dump-190489245\", {\"maxDepth\":3,\"maxStringLength\":160})</script>
","delivery_heroes":"<pre class=sf-dump id=sf-dump-1811437159 data-indent-pad=\"  \"><span class=sf-dump-note>Illuminate\\Database\\Eloquent\\Collection</span> {<a class=sf-dump-ref>#3120</a><samp data-depth=1 class=sf-dump-expanded>
  #<span class=sf-dump-protected title=\"Protected property\">items</span>: []
  #<span class=sf-dump-protected title=\"Protected property\">escapeWhenCastingToString</span>: <span class=sf-dump-const>false</span>
</samp>}
</pre><script>Sfdump(\"sf-dump-1811437159\", {\"maxDepth\":3,\"maxStringLength\":160})</script>
"}},"exception":"[object] (Facade\\Ignition\\Exceptions\\ViewException(code: 0): Attempt to read property \"delivery_status\" on null (View: C:\\shiab\\dolbear-web-app\\resources\\views\\admin\\orders\\order-details.blade.php) at C:\\shiab\\dolbear-web-app\\resources\\views/admin/orders/order-details.blade.php:41)
[stacktrace]
#0 C:\\shiab\\dolbear-web-app\\resources\\views/admin/orders/order-details.blade.php(41): Illuminate\\Foundation\\Bootstrap\\HandleExceptions->handleError(2, 'Attempt to read...', 'C:\\\\shiab\\\\dolbea...', 21)
#1 C:\\shiab\\dolbear-web-app\\vendor\\laravel\\framework\\src\\Illuminate\\Filesystem\\Filesystem.php(107): require('C:\\\\shiab\\\\dolbea...')
#2 C:\\shiab\\dolbear-web-app\\vendor\\laravel\\framework\\src\\Illuminate\\Filesystem\\Filesystem.php(108): Illuminate\\Filesystem\\Filesystem::Illuminate\\Filesystem\\{closure}()
#3 C:\\shiab\\dolbear-web-app\\vendor\\laravel\\framework\\src\\Illuminate\\View\\Engines\\PhpEngine.php(58): Illuminate\\Filesystem\\Filesystem->getRequire('C:\\\\shiab\\\\dolbea...', Array)
#4 C:\\shiab\\dolbear-web-app\\vendor\\laravel\\framework\\src\\Illuminate\\View\\Engines\\CompilerEngine.php(61): Illuminate\\View\\Engines\\PhpEngine->evaluatePath('C:\\\\shiab\\\\dolbea...', Array)
#5 C:\\shiab\\dolbear-web-app\\vendor\\facade\\ignition\\src\\Views\\Engines\\CompilerEngine.php(37): Illuminate\\View\\Engines\\CompilerEngine->get('C:\\\\shiab\\\\dolbea...', Array)
#6 C:\\shiab\\dolbear-web-app\\vendor\\laravel\\framework\\src\\Illuminate\\View\\View.php(139): Facade\\Ignition\\Views\\Engines\\CompilerEngine->get('C:\\\\shiab\\\\dolbea...', Array)
#7 C:\\shiab\\dolbear-web-app\\vendor\\laravel\\framework\\src\\Illuminate\\View\\View.php(122): Illuminate\\View\\View->getContents()
#8 C:\\shiab\\dolbear-web-app\\vendor\\laravel\\framework\\src\\Illuminate\\View\\View.php(91): Illuminate\\View\\View->renderContents()
#9 C:\\shiab\\dolbear-web-app\\vendor\\laravel\\framework\\src\\Illuminate\\Http\\Response.php(69): Illuminate\\View\\View->render()
#10 C:\\shiab\\dolbear-web-app\\vendor\\laravel\\framework\\src\\Illuminate\\Http\\Response.php(35): Illuminate\\Http\\Response->setContent(Object(Illuminate\\View\\View))
#11 C:\\shiab\\dolbear-web-app\\vendor\\laravel\\framework\\src\\Illuminate\\Routing\\Router.php(820): Illuminate\\Http\\Response->__construct(Object(Illuminate\\View\\View), 200, Array)
#12 C:\\shiab\\dolbear-web-app\\vendor\\laravel\\framework\\src\\Illuminate\\Routing\\Router.php(789): Illuminate\\Routing\\Router::toResponse(Object(Illuminate\\Http\\Request), Object(Illuminate\\View\\View))
#13 C:\\shiab\\dolbear-web-app\\vendor\\laravel\\framework\\src\\Illuminate\\Routing\\Router.php(720): Illuminate\\Routing\\Router->prepareResponse(Object(Illuminate\\Http\\Request), Object(Illuminate\\View\\View))
#14 C:\\shiab\\dolbear-web-app\\vendor\\laravel\\framework\\src\\Illuminate\\Pipeline\\Pipeline.php(128): Illuminate\\Routing\\Router->Illuminate\\Routing\\{closure}(Object(Illuminate\\Http\\Request))
#15 C:\\shiab\\dolbear-web-app\\app\\Http\\Middleware\\PermissionCheckerMiddleware.php(28): Illuminate\\Pipeline\\Pipeline->Illuminate\\Pipeline\\{closure}(Object(Illuminate\\Http\\Request))
#16 C:\\shiab\\dolbear-web-app\\vendor\\laravel\\framework\\src\\Illuminate\\Pipeline\\Pipeline.php(167): App\\Http\\Middleware\\PermissionCheckerMiddleware->handle(Object(Illuminate\\Http\\Request), Object(Closure), 'order_view')
#17 C:\\shiab\\dolbear-web-app\\app\\Http\\Middleware\\LoginCheckMiddleware.php(34): Illuminate\\Pipeline\\Pipeline->Illuminate\\Pipeline\\{closure}(Object(Illuminate\\Http\\Request))
#18 C:\\shiab\\dolbear-web-app\\vendor\\laravel\\framework\\src\\Illuminate\\Pipeline\\Pipeline.php(167): App\\Http\\Middleware\\LoginCheckMiddleware->handle(Object(Illuminate\\Http\\Request), Object(Closure))
#19 C:\\shiab\\dolbear-web-app\\app\\Http\\Middleware\\IsAdminMiddleware.php(22): Illuminate\\Pipeline\\Pipeline->Illuminate\\Pipeline\\{closure}(Object(Illuminate\\Http\\Request))
#20 C:\\shiab\\dolbear-web-app\\vendor\\laravel\\framework\\src\\Illuminate\\Pipeline\\Pipeline.php(167): App\\Http\\Middleware\\IsAdminMiddleware->handle(Object(Illuminate\\Http\\Request), Object(Closure))
#21 C:\\shiab\\dolbear-web-app\\vendor\\mcamara\\laravel-localization\\src\\Mcamara\\LaravelLocalization\\Middleware\\LaravelLocalizationViewPath.php(33): Illuminate\\Pipeline\\Pipeline->Illuminate\\Pipeline\\{closure}(Object(Illuminate\\Http\\Request))
#22 C:\\shiab\\dolbear-web-app\\vendor\\laravel\\framework\\src\\Illuminate\\Pipeline\\Pipeline.php(167): Mcamara\\LaravelLocalization\\Middleware\\LaravelLocalizationViewPath->handle(Object(Illuminate\\Http\\Request), Object(Closure))
#23 C:\\shiab\\dolbear-web-app\\vendor\\mcamara\\laravel-localization\\src\\Mcamara\\LaravelLocalization\\Middleware\\LaravelLocalizationRedirectFilter.php(45): Illuminate\\Pipeline\\Pipeline->Illuminate\\Pipeline\\{closure}(Object(Illuminate\\Http\\Request))
#24 C:\\shiab\\dolbear-web-app\\vendor\\laravel\\framework\\src\\Illuminate\\Pipeline\\Pipeline.php(167): Mcamara\\LaravelLocalization\\Middleware\\LaravelLocalizationRedirectFilter->handle(Object(Illuminate\\Http\\Request), Object(Closure))
#25 C:\\shiab\\dolbear-web-app\\vendor\\mcamara\\laravel-localization\\src\\Mcamara\\LaravelLocalization\\Middleware\\LocaleSessionRedirect.php(64): Illuminate\\Pipeline\\Pipeline->Illuminate\\Pipeline\\{closure}(Object(Illuminate\\Http\\Request))
#26 C:\\shiab\\dolbear-web-app\\vendor\\laravel\\framework\\src\\Illuminate\\Pipeline\\Pipeline.php(167): Mcamara\\LaravelLocalization\\Middleware\\LocaleSessionRedirect->handle(Object(Illuminate\\Http\\Request), Object(Closure))
#27 C:\\shiab\\dolbear-web-app\\app\\Http\\Middleware\\XssMiddleware.php(25): Illuminate\\Pipeline\\Pipeline->Illuminate\\Pipeline\\{closure}(Object(Illuminate\\Http\\Request))
#28 C:\\shiab\\dolbear-web-app\\vendor\\laravel\\framework\\src\\Illuminate\\Pipeline\\Pipeline.php(167): App\\Http\\Middleware\\XssMiddleware->handle(Object(Illuminate\\Http\\Request), Object(Closure))
#29 C:\\shiab\\dolbear-web-app\\app\\Http\\Middleware\\HttpMiddleware.php(23): Illuminate\\Pipeline\\Pipeline->Illuminate\\Pipeline\\{closure}(Object(Illuminate\\Http\\Request))
#30 C:\\shiab\\dolbear-web-app\\vendor\\laravel\\framework\\src\\Illuminate\\Pipeline\\Pipeline.php(167): App\\Http\\Middleware\\HttpMiddleware->handle(Object(Illuminate\\Http\\Request), Object(Closure))
#31 C:\\shiab\\dolbear-web-app\\app\\Http\\Middleware\\OnlineUserMiddleware.php(26): Illuminate\\Pipeline\\Pipeline->Illuminate\\Pipeline\\{closure}(Object(Illuminate\\Http\\Request))
#32 C:\\shiab\\dolbear-web-app\\vendor\\laravel\\framework\\src\\Illuminate\\Pipeline\\Pipeline.php(167): App\\Http\\Middleware\\OnlineUserMiddleware->handle(Object(Illuminate\\Http\\Request), Object(Closure))
#33 C:\\shiab\\dolbear-web-app\\vendor\\laravel\\framework\\src\\Illuminate\\Routing\\Middleware\\SubstituteBindings.php(50): Illuminate\\Pipeline\\Pipeline->Illuminate\\Pipeline\\{closure}(Object(Illuminate\\Http\\Request))
#34 C:\\shiab\\dolbear-web-app\\vendor\\laravel\\framework\\src\\Illuminate\\Pipeline\\Pipeline.php(167): Illuminate\\Routing\\Middleware\\SubstituteBindings->handle(Object(Illuminate\\Http\\Request), Object(Closure))
#35 C:\\shiab\\dolbear-web-app\\vendor\\laravel\\framework\\src\\Illuminate\\Foundation\\Http\\Middleware\\VerifyCsrfToken.php(78): Illuminate\\Pipeline\\Pipeline->Illuminate\\Pipeline\\{closure}(Object(Illuminate\\Http\\Request))
#36 C:\\shiab\\dolbear-web-app\\vendor\\laravel\\framework\\src\\Illuminate\\Pipeline\\Pipeline.php(167): Illuminate\\Foundation\\Http\\Middleware\\VerifyCsrfToken->handle(Object(Illuminate\\Http\\Request), Object(Closure))
#37 C:\\shiab\\dolbear-web-app\\vendor\\laravel\\framework\\src\\Illuminate\\View\\Middleware\\ShareErrorsFromSession.php(49): Illuminate\\Pipeline\\Pipeline->Illuminate\\Pipeline\\{closure}(Object(Illuminate\\Http\\Request))
#38 C:\\shiab\\dolbear-web-app\\vendor\\laravel\\framework\\src\\Illuminate\\Pipeline\\Pipeline.php(167): Illuminate\\View\\Middleware\\ShareErrorsFromSession->handle(Object(Illuminate\\Http\\Request), Object(Closure))
#39 C:\\shiab\\dolbear-web-app\\vendor\\laravel\\framework\\src\\Illuminate\\Session\\Middleware\\StartSession.php(121): Illuminate\\Pipeline\\Pipeline->Illuminate\\Pipeline\\{closure}(Object(Illuminate\\Http\\Request))
#40 C:\\shiab\\dolbear-web-app\\vendor\\laravel\\framework\\src\\Illuminate\\Session\\Middleware\\StartSession.php(64): Illuminate\\Session\\Middleware\\StartSession->handleStatefulRequest(Object(Illuminate\\Http\\Request), Object(Illuminate\\Session\\Store), Object(Closure))
#41 C:\\shiab\\dolbear-web-app\\vendor\\laravel\\framework\\src\\Illuminate\\Pipeline\\Pipeline.php(167): Illuminate\\Session\\Middleware\\StartSession->handle(Object(Illuminate\\Http\\Request), Object(Closure))
#42 C:\\shiab\\dolbear-web-app\\vendor\\laravel\\framework\\src\\Illuminate\\Cookie\\Middleware\\AddQueuedCookiesToResponse.php(37): Illuminate\\Pipeline\\Pipeline->Illuminate\\Pipeline\\{closure}(Object(Illuminate\\Http\\Request))
#43 C:\\shiab\\dolbear-web-app\\vendor\\laravel\\framework\\src\\Illuminate\\Pipeline\\Pipeline.php(167): Illuminate\\Cookie\\Middleware\\AddQueuedCookiesToResponse->handle(Object(Illuminate\\Http\\Request), Object(Closure))
#44 C:\\shiab\\dolbear-web-app\\vendor\\laravel\\framework\\src\\Illuminate\\Cookie\\Middleware\\EncryptCookies.php(67): Illuminate\\Pipeline\\Pipeline->Illuminate\\Pipeline\\{closure}(Object(Illuminate\\Http\\Request))
#45 C:\\shiab\\dolbear-web-app\\vendor\\laravel\\framework\\src\\Illuminate\\Pipeline\\Pipeline.php(167): Illuminate\\Cookie\\Middleware\\EncryptCookies->handle(Object(Illuminate\\Http\\Request), Object(Closure))
#46 C:\\shiab\\dolbear-web-app\\vendor\\laravel\\framework\\src\\Illuminate\\Pipeline\\Pipeline.php(103): Illuminate\\Pipeline\\Pipeline->Illuminate\\Pipeline\\{closure}(Object(Illuminate\\Http\\Request))
#47 C:\\shiab\\dolbear-web-app\\vendor\\laravel\\framework\\src\\Illuminate\\Routing\\Router.php(719): Illuminate\\Pipeline\\Pipeline->then(Object(Closure))
#48 C:\\shiab\\dolbear-web-app\\vendor\\laravel\\framework\\src\\Illuminate\\Routing\\Router.php(698): Illuminate\\Routing\\Router->runRouteWithinStack(Object(Illuminate\\Routing\\Route), Object(Illuminate\\Http\\Request))
#49 C:\\shiab\\dolbear-web-app\\vendor\\laravel\\framework\\src\\Illuminate\\Routing\\Router.php(662): Illuminate\\Routing\\Router->runRoute(Object(Illuminate\\Http\\Request), Object(Illuminate\\Routing\\Route))
#50 C:\\shiab\\dolbear-web-app\\vendor\\laravel\\framework\\src\\Illuminate\\Routing\\Router.php(651): Illuminate\\Routing\\Router->dispatchToRoute(Object(Illuminate\\Http\\Request))
#51 C:\\shiab\\dolbear-web-app\\vendor\\laravel\\framework\\src\\Illuminate\\Foundation\\Http\\Kernel.php(167): Illuminate\\Routing\\Router->dispatch(Object(Illuminate\\Http\\Request))
#52 C:\\shiab\\dolbear-web-app\\vendor\\laravel\\framework\\src\\Illuminate\\Pipeline\\Pipeline.php(128): Illuminate\\Foundation\\Http\\Kernel->Illuminate\\Foundation\\Http\\{closure}(Object(Illuminate\\Http\\Request))
#53 C:\\shiab\\dolbear-web-app\\vendor\\barryvdh\\laravel-debugbar\\src\\Middleware\\InjectDebugbar.php(59): Illuminate\\Pipeline\\Pipeline->Illuminate\\Pipeline\\{closure}(Object(Illuminate\\Http\\Request))
#54 C:\\shiab\\dolbear-web-app\\vendor\\laravel\\framework\\src\\Illuminate\\Pipeline\\Pipeline.php(167): Barryvdh\\Debugbar\\Middleware\\InjectDebugbar->handle(Object(Illuminate\\Http\\Request), Object(Closure))
#55 C:\\shiab\\dolbear-web-app\\app\\Http\\Middleware\\XssMiddleware.php(25): Illuminate\\Pipeline\\Pipeline->Illuminate\\Pipeline\\{closure}(Object(Illuminate\\Http\\Request))
#56 C:\\shiab\\dolbear-web-app\\vendor\\laravel\\framework\\src\\Illuminate\\Pipeline\\Pipeline.php(167): App\\Http\\Middleware\\XssMiddleware->handle(Object(Illuminate\\Http\\Request), Object(Closure))
#57 C:\\shiab\\dolbear-web-app\\vendor\\laravel\\framework\\src\\Illuminate\\Foundation\\Http\\Middleware\\TransformsRequest.php(21): Illuminate\\Pipeline\\Pipeline->Illuminate\\Pipeline\\{closure}(Object(Illuminate\\Http\\Request))
#58 C:\\shiab\\dolbear-web-app\\vendor\\laravel\\framework\\src\\Illuminate\\Foundation\\Http\\Middleware\\ConvertEmptyStringsToNull.php(31): Illuminate\\Foundation\\Http\\Middleware\\TransformsRequest->handle(Object(Illuminate\\Http\\Request), Object(Closure))
#59 C:\\shiab\\dolbear-web-app\\vendor\\laravel\\framework\\src\\Illuminate\\Pipeline\\Pipeline.php(167): Illuminate\\Foundation\\Http\\Middleware\\ConvertEmptyStringsToNull->handle(Object(Illuminate\\Http\\Request), Object(Closure))
#60 C:\\shiab\\dolbear-web-app\\vendor\\laravel\\framework\\src\\Illuminate\\Foundation\\Http\\Middleware\\TransformsRequest.php(21): Illuminate\\Pipeline\\Pipeline->Illuminate\\Pipeline\\{closure}(Object(Illuminate\\Http\\Request))
#61 C:\\shiab\\dolbear-web-app\\vendor\\laravel\\framework\\src\\Illuminate\\Foundation\\Http\\Middleware\\TrimStrings.php(40): Illuminate\\Foundation\\Http\\Middleware\\TransformsRequest->handle(Object(Illuminate\\Http\\Request), Object(Closure))
#62 C:\\shiab\\dolbear-web-app\\vendor\\laravel\\framework\\src\\Illuminate\\Pipeline\\Pipeline.php(167): Illuminate\\Foundation\\Http\\Middleware\\TrimStrings->handle(Object(Illuminate\\Http\\Request), Object(Closure))
#63 C:\\shiab\\dolbear-web-app\\vendor\\laravel\\framework\\src\\Illuminate\\Foundation\\Http\\Middleware\\ValidatePostSize.php(27): Illuminate\\Pipeline\\Pipeline->Illuminate\\Pipeline\\{closure}(Object(Illuminate\\Http\\Request))
#64 C:\\shiab\\dolbear-web-app\\vendor\\laravel\\framework\\src\\Illuminate\\Pipeline\\Pipeline.php(167): Illuminate\\Foundation\\Http\\Middleware\\ValidatePostSize->handle(Object(Illuminate\\Http\\Request), Object(Closure))
#65 C:\\shiab\\dolbear-web-app\\vendor\\laravel\\framework\\src\\Illuminate\\Foundation\\Http\\Middleware\\PreventRequestsDuringMaintenance.php(86): Illuminate\\Pipeline\\Pipeline->Illuminate\\Pipeline\\{closure}(Object(Illuminate\\Http\\Request))
#66 C:\\shiab\\dolbear-web-app\\vendor\\laravel\\framework\\src\\Illuminate\\Pipeline\\Pipeline.php(167): Illuminate\\Foundation\\Http\\Middleware\\PreventRequestsDuringMaintenance->handle(Object(Illuminate\\Http\\Request), Object(Closure))
#67 C:\\shiab\\dolbear-web-app\\vendor\\fruitcake\\laravel-cors\\src\\HandleCors.php(38): Illuminate\\Pipeline\\Pipeline->Illuminate\\Pipeline\\{closure}(Object(Illuminate\\Http\\Request))
#68 C:\\shiab\\dolbear-web-app\\vendor\\laravel\\framework\\src\\Illuminate\\Pipeline\\Pipeline.php(167): Fruitcake\\Cors\\HandleCors->handle(Object(Illuminate\\Http\\Request), Object(Closure))
#69 C:\\shiab\\dolbear-web-app\\vendor\\laravel\\framework\\src\\Illuminate\\Http\\Middleware\\TrustProxies.php(39): Illuminate\\Pipeline\\Pipeline->Illuminate\\Pipeline\\{closure}(Object(Illuminate\\Http\\Request))
#70 C:\\shiab\\dolbear-web-app\\vendor\\laravel\\framework\\src\\Illuminate\\Pipeline\\Pipeline.php(167): Illuminate\\Http\\Middleware\\TrustProxies->handle(Object(Illuminate\\Http\\Request), Object(Closure))
#71 C:\\shiab\\dolbear-web-app\\vendor\\laravel\\framework\\src\\Illuminate\\Pipeline\\Pipeline.php(103): Illuminate\\Pipeline\\Pipeline->Illuminate\\Pipeline\\{closure}(Object(Illuminate\\Http\\Request))
#72 C:\\shiab\\dolbear-web-app\\vendor\\laravel\\framework\\src\\Illuminate\\Foundation\\Http\\Kernel.php(142): Illuminate\\Pipeline\\Pipeline->then(Object(Closure))
#73 C:\\shiab\\dolbear-web-app\\vendor\\laravel\\framework\\src\\Illuminate\\Foundation\\Http\\Kernel.php(111): Illuminate\\Foundation\\Http\\Kernel->sendRequestThroughRouter(Object(Illuminate\\Http\\Request))
#74 C:\\shiab\\dolbear-web-app\\public\\index.php(56): Illuminate\\Foundation\\Http\\Kernel->handle(Object(Illuminate\\Http\\Request))
#75 C:\\shiab\\dolbear-web-app\\server.php(21): require_once('C:\\\\shiab\\\\dolbea...')
#76 {main}

[previous exception] [object] (ErrorException(code: 0): Attempt to read property \"delivery_status\" on null at C:\\shiab\\dolbear-web-app\\storage\\framework\\views\\435657ac6bff26f6ab52fc873e315d9cb05c8f98.php:21)
[stacktrace]
#0 C:\\shiab\\dolbear-web-app\\storage\\framework\\views\\435657ac6bff26f6ab52fc873e315d9cb05c8f98.php(21): Illuminate\\Foundation\\Bootstrap\\HandleExceptions->handleError(2, 'Attempt to read...', 'C:\\\\shiab\\\\dolbea...', 21)
#1 C:\\shiab\\dolbear-web-app\\vendor\\laravel\\framework\\src\\Illuminate\\Filesystem\\Filesystem.php(107): require('C:\\\\shiab\\\\dolbea...')
#2 C:\\shiab\\dolbear-web-app\\vendor\\laravel\\framework\\src\\Illuminate\\Filesystem\\Filesystem.php(108): Illuminate\\Filesystem\\Filesystem::Illuminate\\Filesystem\\{closure}()
#3 C:\\shiab\\dolbear-web-app\\vendor\\laravel\\framework\\src\\Illuminate\\View\\Engines\\PhpEngine.php(58): Illuminate\\Filesystem\\Filesystem->getRequire('C:\\\\shiab\\\\dolbea...', Array)
#4 C:\\shiab\\dolbear-web-app\\vendor\\laravel\\framework\\src\\Illuminate\\View\\Engines\\CompilerEngine.php(61): Illuminate\\View\\Engines\\PhpEngine->evaluatePath('C:\\\\shiab\\\\dolbea...', Array)
#5 C:\\shiab\\dolbear-web-app\\vendor\\facade\\ignition\\src\\Views\\Engines\\CompilerEngine.php(37): Illuminate\\View\\Engines\\CompilerEngine->get('C:\\\\shiab\\\\dolbea...', Array)
#6 C:\\shiab\\dolbear-web-app\\vendor\\laravel\\framework\\src\\Illuminate\\View\\View.php(139): Facade\\Ignition\\Views\\Engines\\CompilerEngine->get('C:\\\\shiab\\\\dolbea...', Array)
#7 C:\\shiab\\dolbear-web-app\\vendor\\laravel\\framework\\src\\Illuminate\\View\\View.php(122): Illuminate\\View\\View->getContents()
#8 C:\\shiab\\dolbear-web-app\\vendor\\laravel\\framework\\src\\Illuminate\\View\\View.php(91): Illuminate\\View\\View->renderContents()
#9 C:\\shiab\\dolbear-web-app\\vendor\\laravel\\framework\\src\\Illuminate\\Http\\Response.php(69): Illuminate\\View\\View->render()
#10 C:\\shiab\\dolbear-web-app\\vendor\\laravel\\framework\\src\\Illuminate\\Http\\Response.php(35): Illuminate\\Http\\Response->setContent(Object(Illuminate\\View\\View))
#11 C:\\shiab\\dolbear-web-app\\vendor\\laravel\\framework\\src\\Illuminate\\Routing\\Router.php(820): Illuminate\\Http\\Response->__construct(Object(Illuminate\\View\\View), 200, Array)
#12 C:\\shiab\\dolbear-web-app\\vendor\\laravel\\framework\\src\\Illuminate\\Routing\\Router.php(789): Illuminate\\Routing\\Router::toResponse(Object(Illuminate\\Http\\Request), Object(Illuminate\\View\\View))
#13 C:\\shiab\\dolbear-web-app\\vendor\\laravel\\framework\\src\\Illuminate\\Routing\\Router.php(720): Illuminate\\Routing\\Router->prepareResponse(Object(Illuminate\\Http\\Request), Object(Illuminate\\View\\View))
#14 C:\\shiab\\dolbear-web-app\\vendor\\laravel\\framework\\src\\Illuminate\\Pipeline\\Pipeline.php(128): Illuminate\\Routing\\Router->Illuminate\\Routing\\{closure}(Object(Illuminate\\Http\\Request))
#15 C:\\shiab\\dolbear-web-app\\app\\Http\\Middleware\\PermissionCheckerMiddleware.php(28): Illuminate\\Pipeline\\Pipeline->Illuminate\\Pipeline\\{closure}(Object(Illuminate\\Http\\Request))
#16 C:\\shiab\\dolbear-web-app\\vendor\\laravel\\framework\\src\\Illuminate\\Pipeline\\Pipeline.php(167): App\\Http\\Middleware\\PermissionCheckerMiddleware->handle(Object(Illuminate\\Http\\Request), Object(Closure), 'order_view')
#17 C:\\shiab\\dolbear-web-app\\app\\Http\\Middleware\\LoginCheckMiddleware.php(34): Illuminate\\Pipeline\\Pipeline->Illuminate\\Pipeline\\{closure}(Object(Illuminate\\Http\\Request))
#18 C:\\shiab\\dolbear-web-app\\vendor\\laravel\\framework\\src\\Illuminate\\Pipeline\\Pipeline.php(167): App\\Http\\Middleware\\LoginCheckMiddleware->handle(Object(Illuminate\\Http\\Request), Object(Closure))
#19 C:\\shiab\\dolbear-web-app\\app\\Http\\Middleware\\IsAdminMiddleware.php(22): Illuminate\\Pipeline\\Pipeline->Illuminate\\Pipeline\\{closure}(Object(Illuminate\\Http\\Request))
#20 C:\\shiab\\dolbear-web-app\\vendor\\laravel\\framework\\src\\Illuminate\\Pipeline\\Pipeline.php(167): App\\Http\\Middleware\\IsAdminMiddleware->handle(Object(Illuminate\\Http\\Request), Object(Closure))
#21 C:\\shiab\\dolbear-web-app\\vendor\\mcamara\\laravel-localization\\src\\Mcamara\\LaravelLocalization\\Middleware\\LaravelLocalizationViewPath.php(33): Illuminate\\Pipeline\\Pipeline->Illuminate\\Pipeline\\{closure}(Object(Illuminate\\Http\\Request))
#22 C:\\shiab\\dolbear-web-app\\vendor\\laravel\\framework\\src\\Illuminate\\Pipeline\\Pipeline.php(167): Mcamara\\LaravelLocalization\\Middleware\\LaravelLocalizationViewPath->handle(Object(Illuminate\\Http\\Request), Object(Closure))
#23 C:\\shiab\\dolbear-web-app\\vendor\\mcamara\\laravel-localization\\src\\Mcamara\\LaravelLocalization\\Middleware\\LaravelLocalizationRedirectFilter.php(45): Illuminate\\Pipeline\\Pipeline->Illuminate\\Pipeline\\{closure}(Object(Illuminate\\Http\\Request))
#24 C:\\shiab\\dolbear-web-app\\vendor\\laravel\\framework\\src\\Illuminate\\Pipeline\\Pipeline.php(167): Mcamara\\LaravelLocalization\\Middleware\\LaravelLocalizationRedirectFilter->handle(Object(Illuminate\\Http\\Request), Object(Closure))
#25 C:\\shiab\\dolbear-web-app\\vendor\\mcamara\\laravel-localization\\src\\Mcamara\\LaravelLocalization\\Middleware\\LocaleSessionRedirect.php(64): Illuminate\\Pipeline\\Pipeline->Illuminate\\Pipeline\\{closure}(Object(Illuminate\\Http\\Request))
#26 C:\\shiab\\dolbear-web-app\\vendor\\laravel\\framework\\src\\Illuminate\\Pipeline\\Pipeline.php(167): Mcamara\\LaravelLocalization\\Middleware\\LocaleSessionRedirect->handle(Object(Illuminate\\Http\\Request), Object(Closure))
#27 C:\\shiab\\dolbear-web-app\\app\\Http\\Middleware\\XssMiddleware.php(25): Illuminate\\Pipeline\\Pipeline->Illuminate\\Pipeline\\{closure}(Object(Illuminate\\Http\\Request))
#28 C:\\shiab\\dolbear-web-app\\vendor\\laravel\\framework\\src\\Illuminate\\Pipeline\\Pipeline.php(167): App\\Http\\Middleware\\XssMiddleware->handle(Object(Illuminate\\Http\\Request), Object(Closure))
#29 C:\\shiab\\dolbear-web-app\\app\\Http\\Middleware\\HttpMiddleware.php(23): Illuminate\\Pipeline\\Pipeline->Illuminate\\Pipeline\\{closure}(Object(Illuminate\\Http\\Request))
#30 C:\\shiab\\dolbear-web-app\\vendor\\laravel\\framework\\src\\Illuminate\\Pipeline\\Pipeline.php(167): App\\Http\\Middleware\\HttpMiddleware->handle(Object(Illuminate\\Http\\Request), Object(Closure))
#31 C:\\shiab\\dolbear-web-app\\app\\Http\\Middleware\\OnlineUserMiddleware.php(26): Illuminate\\Pipeline\\Pipeline->Illuminate\\Pipeline\\{closure}(Object(Illuminate\\Http\\Request))
#32 C:\\shiab\\dolbear-web-app\\vendor\\laravel\\framework\\src\\Illuminate\\Pipeline\\Pipeline.php(167): App\\Http\\Middleware\\OnlineUserMiddleware->handle(Object(Illuminate\\Http\\Request), Object(Closure))
#33 C:\\shiab\\dolbear-web-app\\vendor\\laravel\\framework\\src\\Illuminate\\Routing\\Middleware\\SubstituteBindings.php(50): Illuminate\\Pipeline\\Pipeline->Illuminate\\Pipeline\\{closure}(Object(Illuminate\\Http\\Request))
#34 C:\\shiab\\dolbear-web-app\\vendor\\laravel\\framework\\src\\Illuminate\\Pipeline\\Pipeline.php(167): Illuminate\\Routing\\Middleware\\SubstituteBindings->handle(Object(Illuminate\\Http\\Request), Object(Closure))
#35 C:\\shiab\\dolbear-web-app\\vendor\\laravel\\framework\\src\\Illuminate\\Foundation\\Http\\Middleware\\VerifyCsrfToken.php(78): Illuminate\\Pipeline\\Pipeline->Illuminate\\Pipeline\\{closure}(Object(Illuminate\\Http\\Request))
#36 C:\\shiab\\dolbear-web-app\\vendor\\laravel\\framework\\src\\Illuminate\\Pipeline\\Pipeline.php(167): Illuminate\\Foundation\\Http\\Middleware\\VerifyCsrfToken->handle(Object(Illuminate\\Http\\Request), Object(Closure))
#37 C:\\shiab\\dolbear-web-app\\vendor\\laravel\\framework\\src\\Illuminate\\View\\Middleware\\ShareErrorsFromSession.php(49): Illuminate\\Pipeline\\Pipeline->Illuminate\\Pipeline\\{closure}(Object(Illuminate\\Http\\Request))
#38 C:\\shiab\\dolbear-web-app\\vendor\\laravel\\framework\\src\\Illuminate\\Pipeline\\Pipeline.php(167): Illuminate\\View\\Middleware\\ShareErrorsFromSession->handle(Object(Illuminate\\Http\\Request), Object(Closure))
#39 C:\\shiab\\dolbear-web-app\\vendor\\laravel\\framework\\src\\Illuminate\\Session\\Middleware\\StartSession.php(121): Illuminate\\Pipeline\\Pipeline->Illuminate\\Pipeline\\{closure}(Object(Illuminate\\Http\\Request))
#40 C:\\shiab\\dolbear-web-app\\vendor\\laravel\\framework\\src\\Illuminate\\Session\\Middleware\\StartSession.php(64): Illuminate\\Session\\Middleware\\StartSession->handleStatefulRequest(Object(Illuminate\\Http\\Request), Object(Illuminate\\Session\\Store), Object(Closure))
#41 C:\\shiab\\dolbear-web-app\\vendor\\laravel\\framework\\src\\Illuminate\\Pipeline\\Pipeline.php(167): Illuminate\\Session\\Middleware\\StartSession->handle(Object(Illuminate\\Http\\Request), Object(Closure))
#42 C:\\shiab\\dolbear-web-app\\vendor\\laravel\\framework\\src\\Illuminate\\Cookie\\Middleware\\AddQueuedCookiesToResponse.php(37): Illuminate\\Pipeline\\Pipeline->Illuminate\\Pipeline\\{closure}(Object(Illuminate\\Http\\Request))
#43 C:\\shiab\\dolbear-web-app\\vendor\\laravel\\framework\\src\\Illuminate\\Pipeline\\Pipeline.php(167): Illuminate\\Cookie\\Middleware\\AddQueuedCookiesToResponse->handle(Object(Illuminate\\Http\\Request), Object(Closure))
#44 C:\\shiab\\dolbear-web-app\\vendor\\laravel\\framework\\src\\Illuminate\\Cookie\\Middleware\\EncryptCookies.php(67): Illuminate\\Pipeline\\Pipeline->Illuminate\\Pipeline\\{closure}(Object(Illuminate\\Http\\Request))
#45 C:\\shiab\\dolbear-web-app\\vendor\\laravel\\framework\\src\\Illuminate\\Pipeline\\Pipeline.php(167): Illuminate\\Cookie\\Middleware\\EncryptCookies->handle(Object(Illuminate\\Http\\Request), Object(Closure))
#46 C:\\shiab\\dolbear-web-app\\vendor\\laravel\\framework\\src\\Illuminate\\Pipeline\\Pipeline.php(103): Illuminate\\Pipeline\\Pipeline->Illuminate\\Pipeline\\{closure}(Object(Illuminate\\Http\\Request))
#47 C:\\shiab\\dolbear-web-app\\vendor\\laravel\\framework\\src\\Illuminate\\Routing\\Router.php(719): Illuminate\\Pipeline\\Pipeline->then(Object(Closure))
#48 C:\\shiab\\dolbear-web-app\\vendor\\laravel\\framework\\src\\Illuminate\\Routing\\Router.php(698): Illuminate\\Routing\\Router->runRouteWithinStack(Object(Illuminate\\Routing\\Route), Object(Illuminate\\Http\\Request))
#49 C:\\shiab\\dolbear-web-app\\vendor\\laravel\\framework\\src\\Illuminate\\Routing\\Router.php(662): Illuminate\\Routing\\Router->runRoute(Object(Illuminate\\Http\\Request), Object(Illuminate\\Routing\\Route))
#50 C:\\shiab\\dolbear-web-app\\vendor\\laravel\\framework\\src\\Illuminate\\Routing\\Router.php(651): Illuminate\\Routing\\Router->dispatchToRoute(Object(Illuminate\\Http\\Request))
#51 C:\\shiab\\dolbear-web-app\\vendor\\laravel\\framework\\src\\Illuminate\\Foundation\\Http\\Kernel.php(167): Illuminate\\Routing\\Router->dispatch(Object(Illuminate\\Http\\Request))
#52 C:\\shiab\\dolbear-web-app\\vendor\\laravel\\framework\\src\\Illuminate\\Pipeline\\Pipeline.php(128): Illuminate\\Foundation\\Http\\Kernel->Illuminate\\Foundation\\Http\\{closure}(Object(Illuminate\\Http\\Request))
#53 C:\\shiab\\dolbear-web-app\\vendor\\barryvdh\\laravel-debugbar\\src\\Middleware\\InjectDebugbar.php(59): Illuminate\\Pipeline\\Pipeline->Illuminate\\Pipeline\\{closure}(Object(Illuminate\\Http\\Request))
#54 C:\\shiab\\dolbear-web-app\\vendor\\laravel\\framework\\src\\Illuminate\\Pipeline\\Pipeline.php(167): Barryvdh\\Debugbar\\Middleware\\InjectDebugbar->handle(Object(Illuminate\\Http\\Request), Object(Closure))
#55 C:\\shiab\\dolbear-web-app\\app\\Http\\Middleware\\XssMiddleware.php(25): Illuminate\\Pipeline\\Pipeline->Illuminate\\Pipeline\\{closure}(Object(Illuminate\\Http\\Request))
#56 C:\\shiab\\dolbear-web-app\\vendor\\laravel\\framework\\src\\Illuminate\\Pipeline\\Pipeline.php(167): App\\Http\\Middleware\\XssMiddleware->handle(Object(Illuminate\\Http\\Request), Object(Closure))
#57 C:\\shiab\\dolbear-web-app\\vendor\\laravel\\framework\\src\\Illuminate\\Foundation\\Http\\Middleware\\TransformsRequest.php(21): Illuminate\\Pipeline\\Pipeline->Illuminate\\Pipeline\\{closure}(Object(Illuminate\\Http\\Request))
#58 C:\\shiab\\dolbear-web-app\\vendor\\laravel\\framework\\src\\Illuminate\\Foundation\\Http\\Middleware\\ConvertEmptyStringsToNull.php(31): Illuminate\\Foundation\\Http\\Middleware\\TransformsRequest->handle(Object(Illuminate\\Http\\Request), Object(Closure))
#59 C:\\shiab\\dolbear-web-app\\vendor\\laravel\\framework\\src\\Illuminate\\Pipeline\\Pipeline.php(167): Illuminate\\Foundation\\Http\\Middleware\\ConvertEmptyStringsToNull->handle(Object(Illuminate\\Http\\Request), Object(Closure))
#60 C:\\shiab\\dolbear-web-app\\vendor\\laravel\\framework\\src\\Illuminate\\Foundation\\Http\\Middleware\\TransformsRequest.php(21): Illuminate\\Pipeline\\Pipeline->Illuminate\\Pipeline\\{closure}(Object(Illuminate\\Http\\Request))
#61 C:\\shiab\\dolbear-web-app\\vendor\\laravel\\framework\\src\\Illuminate\\Foundation\\Http\\Middleware\\TrimStrings.php(40): Illuminate\\Foundation\\Http\\Middleware\\TransformsRequest->handle(Object(Illuminate\\Http\\Request), Object(Closure))
#62 C:\\shiab\\dolbear-web-app\\vendor\\laravel\\framework\\src\\Illuminate\\Pipeline\\Pipeline.php(167): Illuminate\\Foundation\\Http\\Middleware\\TrimStrings->handle(Object(Illuminate\\Http\\Request), Object(Closure))
#63 C:\\shiab\\dolbear-web-app\\vendor\\laravel\\framework\\src\\Illuminate\\Foundation\\Http\\Middleware\\ValidatePostSize.php(27): Illuminate\\Pipeline\\Pipeline->Illuminate\\Pipeline\\{closure}(Object(Illuminate\\Http\\Request))
#64 C:\\shiab\\dolbear-web-app\\vendor\\laravel\\framework\\src\\Illuminate\\Pipeline\\Pipeline.php(167): Illuminate\\Foundation\\Http\\Middleware\\ValidatePostSize->handle(Object(Illuminate\\Http\\Request), Object(Closure))
#65 C:\\shiab\\dolbear-web-app\\vendor\\laravel\\framework\\src\\Illuminate\\Foundation\\Http\\Middleware\\PreventRequestsDuringMaintenance.php(86): Illuminate\\Pipeline\\Pipeline->Illuminate\\Pipeline\\{closure}(Object(Illuminate\\Http\\Request))
#66 C:\\shiab\\dolbear-web-app\\vendor\\laravel\\framework\\src\\Illuminate\\Pipeline\\Pipeline.php(167): Illuminate\\Foundation\\Http\\Middleware\\PreventRequestsDuringMaintenance->handle(Object(Illuminate\\Http\\Request), Object(Closure))
#67 C:\\shiab\\dolbear-web-app\\vendor\\fruitcake\\laravel-cors\\src\\HandleCors.php(38): Illuminate\\Pipeline\\Pipeline->Illuminate\\Pipeline\\{closure}(Object(Illuminate\\Http\\Request))
#68 C:\\shiab\\dolbear-web-app\\vendor\\laravel\\framework\\src\\Illuminate\\Pipeline\\Pipeline.php(167): Fruitcake\\Cors\\HandleCors->handle(Object(Illuminate\\Http\\Request), Object(Closure))
#69 C:\\shiab\\dolbear-web-app\\vendor\\laravel\\framework\\src\\Illuminate\\Http\\Middleware\\TrustProxies.php(39): Illuminate\\Pipeline\\Pipeline->Illuminate\\Pipeline\\{closure}(Object(Illuminate\\Http\\Request))
#70 C:\\shiab\\dolbear-web-app\\vendor\\laravel\\framework\\src\\Illuminate\\Pipeline\\Pipeline.php(167): Illuminate\\Http\\Middleware\\TrustProxies->handle(Object(Illuminate\\Http\\Request), Object(Closure))
#71 C:\\shiab\\dolbear-web-app\\vendor\\laravel\\framework\\src\\Illuminate\\Pipeline\\Pipeline.php(103): Illuminate\\Pipeline\\Pipeline->Illuminate\\Pipeline\\{closure}(Object(Illuminate\\Http\\Request))
#72 C:\\shiab\\dolbear-web-app\\vendor\\laravel\\framework\\src\\Illuminate\\Foundation\\Http\\Kernel.php(142): Illuminate\\Pipeline\\Pipeline->then(Object(Closure))
#73 C:\\shiab\\dolbear-web-app\\vendor\\laravel\\framework\\src\\Illuminate\\Foundation\\Http\\Kernel.php(111): Illuminate\\Foundation\\Http\\Kernel->sendRequestThroughRouter(Object(Illuminate\\Http\\Request))
#74 C:\\shiab\\dolbear-web-app\\public\\index.php(56): Illuminate\\Foundation\\Http\\Kernel->handle(Object(Illuminate\\Http\\Request))
#75 C:\\shiab\\dolbear-web-app\\server.php(21): require_once('C:\\\\shiab\\\\dolbea...')
#76 {main}
"} 
[2026-01-25 17:17:12] development.INFO: order updated  
[2026-01-25 17:17:12] development.INFO: Elitbuzz SMS Request {"phone":"8801724521238","url":"https://msg.mram.com.bd/smsapi?api_key=C400023669084e8b7d1752.06507268&type=text&contacts=8801724521238&senderid=8809601017125&msg=Hi+Md+Shiabul+Islam%2C+Your+Dolbear+order+has+been+confirmed+and+is+ready+to+be+shipped%21%0APathao+Delivery+ID%3A+DD250126HBCYPG%0AFor+any+assistance%2C+call+01894971070%0AThink+Tech%2C+Think+Dolbear.&label=transactional","params":{"api_key":"C400023669084e8b7d1752.06507268","type":"text","contacts":"8801724521238","senderid":"8809601017125","msg":"Hi Md Shiabul Islam, Your Dolbear order has been confirmed and is ready to be shipped!
Pathao Delivery ID: DD250126HBCYPG
For any assistance, call 01894971070
Think Tech, Think Dolbear.","label":"transactional"}} 
[2026-01-25 17:17:12] development.INFO: Elitbuzz SMS API Response {"phone":"8801724521238","status":200,"body":"SMS SUBMITTED: ID - bw-rdC40002366975fb81eb343"} 
[2026-01-25 17:17:12] development.INFO: Elitbuzz SMS Sent Successfully {"phone":"8801724521238","message_id":"SMS SUBMITTED: ID - bw-rdC40002366975fb81eb343"} 
[2026-01-25 17:45:52] development.INFO: order updated  
[2026-01-25 17:45:57] development.INFO: Elitbuzz SMS Request {"phone":"8801724521238","url":"https://msg.mram.com.bd/smsapi?api_key=C400023669084e8b7d1752.06507268&type=text&contacts=8801724521238&senderid=8809601017125&msg=Hi+Md+Shiabul+Islam%2C+your+order+has+been+placed+successfully%21+%0AOrder+ID%3A+%2344552%0A%0AThank+you+for+shopping+with+Dolbear.+We%27re+processing+your+order+and+will+update+you+soon.&label=transactional","params":{"api_key":"C400023669084e8b7d1752.06507268","type":"text","contacts":"8801724521238","senderid":"8809601017125","msg":"Hi Md Shiabul Islam, your order has been placed successfully! 
Order ID: #44552

Thank you for shopping with Dolbear. We're processing your order and will update you soon.","label":"transactional"}} 
[2026-01-25 17:45:57] development.INFO: Elitbuzz SMS API Response {"phone":"8801724521238","status":200,"body":"SMS SUBMITTED: ID - bw-rdC40002366976023ecdba0"} 
[2026-01-25 17:45:57] development.INFO: Elitbuzz SMS Sent Successfully {"phone":"8801724521238","message_id":"SMS SUBMITTED: ID - bw-rdC40002366976023ecdba0"} 
[2026-01-25 17:46:03] development.INFO: order updated  
[2026-01-25 17:47:21] development.INFO: order updated  
[2026-01-25 17:47:21] development.INFO: order dispatch  
[2026-01-25 17:47:31] development.INFO: order payload {"customer":"shakib islam","order_type":"Shopping Cart","is_pos":1,"pos_profile":"Dolbear Online","shipping_address":"Md Shiabul Islam, 01724521238, md.shiabul.cse@gmail.com, 229, Green Road,Dhaka, Bangladesh
229, Green Road,Dhaka, Bangladesh, Adabor, Dhaka, Dhaka","posting_date":"2026-01-25","po_date":"2026-01-25","po_no":"#44552","apply_discount_on":"Net Total","discount_amount":2509.0,"items":[{"item_code":"123123123","item_name":"OnePlus USB-A to Type-C 10A Cable 1M EU (Red)","qty":1,"rate":1199},{"item_code":null,"item_name":"OnePlus SUPERVOOC 100W Power Adapter EU (White)","qty":1,"rate":3499},{"item_code":null,"item_name":"OnePlus SUPERVOOC 80W Power Adapter (US)(White)","qty":2,"rate":2749},{"item_code":null,"item_name":"OnePlus Type-C to Type-C Cable 12A 1M (EU) (Red)","qty":1,"rate":1299},{"item_code":"E514AHG","item_name":"OnePlus Nord Buds 3","qty":1,"rate":3799}],"shipping_address_name":null,"payments":[{"mode_of_payment":"Cash - Dolbear HQ","amount":0}]} 
[2026-01-25 17:47:32] development.ERROR: ERP Order Sync Failed (Create): {"exc_type":"DoesNotExistError","_server_messages":"[\"{\\\"message\\\": \\\"Item 123123123 not found\\\", \\\"title\\\": \\\"Message\\\", \\\"indicator\\\": \\\"red\\\", \\\"raise_exception\\\": 1}\"]"}  
[2026-01-25 17:47:32] development.INFO: Order 6566 synced successfully.  
[2026-01-25 17:47:37] development.INFO: Elitbuzz SMS Request {"phone":"8801724521238","url":"https://msg.mram.com.bd/smsapi?api_key=C400023669084e8b7d1752.06507268&type=text&contacts=8801724521238&senderid=8809601017125&msg=Hi+Md+Shiabul+Islam%2C+Your+Dolbear+order+has+been+confirmed+and+is+ready+to+be+shipped%21+%0ATracking+Number%3A+%2344552%0AInvoice%3A+http%3A%2F%2F127.0.0.1%3A8000%2Finvoice%2F0zmP8aIJemhoAxWqSywRq%0A%0AFor+Any+Assistance%2C+Call+01894971070+%0AThink+Tech%2C+Think+Dolbear.&label=transactional","params":{"api_key":"C400023669084e8b7d1752.06507268","type":"text","contacts":"8801724521238","senderid":"8809601017125","msg":"Hi Md Shiabul Islam, Your Dolbear order has been confirmed and is ready to be shipped! 
Tracking Number: #44552
Invoice: http://127.0.0.1:8000/invoice/0zmP8aIJemhoAxWqSywRq

For Any Assistance, Call 01894971070 
Think Tech, Think Dolbear.","label":"transactional"}} 
[2026-01-25 17:47:38] development.INFO: Elitbuzz SMS API Response {"phone":"8801724521238","status":200,"body":"SMS SUBMITTED: ID - bw-rdC4000236697602a35cd6d"} 
[2026-01-25 17:47:38] development.INFO: Elitbuzz SMS Sent Successfully {"phone":"8801724521238","message_id":"SMS SUBMITTED: ID - bw-rdC4000236697602a35cd6d"} 
[2026-01-25 17:47:56] development.INFO: order updated  
[2026-01-25 17:47:56] development.INFO: Elitbuzz SMS Request {"phone":"8801724521238","url":"https://msg.mram.com.bd/smsapi?api_key=C400023669084e8b7d1752.06507268&type=text&contacts=8801724521238&senderid=8809601017125&msg=Hi+Md+Shiabul+Islam%2C+Your+Dolbear+order+has+been+confirmed+and+is+ready+to+be+shipped%21%0APathao+Delivery+ID%3A+DD250126HWCWTT%0AFor+any+assistance%2C+call+01894971070%0AThink+Tech%2C+Think+Dolbear.&label=transactional","params":{"api_key":"C400023669084e8b7d1752.06507268","type":"text","contacts":"8801724521238","senderid":"8809601017125","msg":"Hi Md Shiabul Islam, Your Dolbear order has been confirmed and is ready to be shipped!
Pathao Delivery ID: DD250126HWCWTT
For any assistance, call 01894971070
Think Tech, Think Dolbear.","label":"transactional"}} 
[2026-01-25 17:47:57] development.INFO: Elitbuzz SMS API Response {"phone":"8801724521238","status":200,"body":"SMS SUBMITTED: ID - bw-rdC4000236697602b62669e"} 
[2026-01-25 17:47:57] development.INFO: Elitbuzz SMS Sent Successfully {"phone":"8801724521238","message_id":"SMS SUBMITTED: ID - bw-rdC4000236697602b62669e"} 
[2026-01-25 18:25:03] development.INFO: order updated  
